Success (1):
content 5154 _a-0000e21d-e06a-8000-7d53-01ef9001ef90_28546 "SM_test1"

Referenced precedents that were not exported (1):
content 5152 _a-0000e21d-e06a-8000-7d53-01ef9001ef90_28536

Trace:
2019-03-06 12:39:54.269 DEBUG content 5154 _a-0000e21d-e06a-8000-7d53-01ef9001ef90_28546 Begin transport.
2019-03-06 12:39:54.269 DEBUG content 5154 _a-0000e21d-e06a-8000-7d53-01ef9001ef90_28546 Retrieving object data.
2019-03-06 12:39:54.278 DEBUG content 5154 _a-0000e21d-e06a-8000-7d53-01ef9001ef90_28546 Setting uuids of object references.
2019-03-06 12:39:54.278 DEBUG content 5154 _a-0000e21d-e06a-8000-7d53-01ef9001ef90_28546 Processing reference: [Content:id=5154,versionId=-1,name=SM_test1,type=32,subtype=1,uuid=_a-0000e21d-e06a-8000-7d53-01ef9001ef90_28546,parent=5152]
2019-03-06 12:39:54.278 DEBUG content 5154 _a-0000e21d-e06a-8000-7d53-01ef9001ef90_28546 Processing reference: FreeformRule.forum
2019-03-06 12:39:54.278 DEBUG content 5154 _a-0000e21d-e06a-8000-7d53-01ef9001ef90_28546 Processing reference: FreeformRule.parent
2019-03-06 12:39:54.281 DEBUG content 5154 _a-0000e21d-e06a-8000-7d53-01ef9001ef90_28546 Processing reference: com.appiancorp.suiteapi.content.ContentRoleMap@1323ea76[
  ContentRole[name=readers,inherit=true,allowForAll=false]
  ContentRole[name=authors,inherit=true,allowForAll=false]
  ContentRole[name=administrators,inherit=true,allowForAll=false]
  ContentRole[name=denyReaders,inherit=false,allowForAll=false]
  ContentRole[name=denyAuthors,inherit=false,allowForAll=false]
  ContentRole[name=denyAdministrators,inherit=false,allowForAll=false]
  securityVector=15:SEC_PUBLIC=true,SEC_CREATOR_ADMIN=false,SEC_INH_ADMIN=true,SEC_INH_EDITOR=true,SEC_INH_VIEWER=true,SEC_ALL_ADMIN=false,SEC_ALL_EDITOR=false,SEC_ALL_VIEWER=false
]
2019-03-06 12:39:54.281 DEBUG content 5154 _a-0000e21d-e06a-8000-7d53-01ef9001ef90_28546 Processing reference: ContentRole[name=readers,inherit=true,allowForAll=false]
2019-03-06 12:39:54.281 DEBUG content 5154 _a-0000e21d-e06a-8000-7d53-01ef9001ef90_28546 Processing reference: ContentRole[name=authors,inherit=true,allowForAll=false]
2019-03-06 12:39:54.281 DEBUG content 5154 _a-0000e21d-e06a-8000-7d53-01ef9001ef90_28546 Processing reference: ContentRole[name=administrators,inherit=true,allowForAll=false]
2019-03-06 12:39:54.281 DEBUG content 5154 _a-0000e21d-e06a-8000-7d53-01ef9001ef90_28546 Processing reference: ContentRole[name=denyReaders,inherit=false,allowForAll=false]
2019-03-06 12:39:54.281 DEBUG content 5154 _a-0000e21d-e06a-8000-7d53-01ef9001ef90_28546 Processing reference: ContentRole[name=denyAuthors,inherit=false,allowForAll=false]
2019-03-06 12:39:54.281 DEBUG content 5154 _a-0000e21d-e06a-8000-7d53-01ef9001ef90_28546 Processing reference: ContentRole[name=denyAdministrators,inherit=false,allowForAll=false]
2019-03-06 12:39:54.282 DEBUG content 5154 _a-0000e21d-e06a-8000-7d53-01ef9001ef90_28546 Completing produce.
2019-03-06 12:39:54.282 DEBUG content 5154 _a-0000e21d-e06a-8000-7d53-01ef9001ef90_28546 Exporting binary resources.
2019-03-06 12:39:54.282 DEBUG content 5154 _a-0000e21d-e06a-8000-7d53-01ef9001ef90_28546 Serializing object to XML.
2019-03-06 12:39:54.282 DEBUG content 5154 _a-0000e21d-e06a-8000-7d53-01ef9001ef90_28546 Object transported.
